app/build/intermediates/manifest_merge_blame_file/debug/manifest-merger-blame-debug-report.txt
1<?xml version="1.0" encoding="utf-8"?>
2<manifest xmlns:android="http://schemas.android.com/apk/res/android"
3    package="com.minireader.sdevice.rfid"
4    android:versionCode="1"
5    android:versionName="0.0.8" >
6
7    <uses-sdk
8        android:minSdkVersion="18"
8-->src/main/AndroidManifest.xml
9        android:targetSdkVersion="26" />
9-->src/main/AndroidManifest.xml
10
11    <supports-screens
11-->src/main/AndroidManifest.xml:7:5-13:40
12        android:anyDensity="true"
12-->src/main/AndroidManifest.xml:8:9-34
13        android:largeScreens="true"
13-->src/main/AndroidManifest.xml:9:9-36
14        android:normalScreens="true"
14-->src/main/AndroidManifest.xml:10:9-37
15        android:resizeable="true"
15-->src/main/AndroidManifest.xml:11:9-34
16        android:smallScreens="true"
16-->src/main/AndroidManifest.xml:12:9-36
17        android:xlargeScreens="true" />
17-->src/main/AndroidManifest.xml:13:9-37
18
19    <!-- <uses-feature -->
20    <!-- android:name="android.hardware.camera" -->
21    <!-- android:required="false" /> -->
22    <!-- <uses-feature -->
23    <!-- android:name="android.hardware.telephony" -->
24    <!-- android:required="false" /> -->
25    <!-- <uses-feature -->
26    <!-- android:name="android.hardware.bluetooth_le" -->
27    <!-- android:required="true" /> -->
28
29
30    <!-- <uses-permission android:name="android.permission.READ_PHONE_STATE" /> -->
31    <!-- <uses-permission android:name="android.permission.PROCESS_OUTGOING_CALLS" /> -->
32    <!-- <uses-permission android:name="android.permission.INTERNET" /> -->
33    <!-- <uses-permission android:name="android.permission.ACCESS_WIFI_STATE" /> -->
34    <!-- <uses-permission android:name="android.permission.ACCESS_NETWORK_STATE" /> -->
35
36    <uses-feature android:name="android.hardware.usb.host" />
36-->src/main/AndroidManifest.xml:32:5-62
36-->src/main/AndroidManifest.xml:32:19-59
37
38    <uses-permission android:name="android.permission.VIBRATE" />
38-->src/main/AndroidManifest.xml:34:5-66
38-->src/main/AndroidManifest.xml:34:22-63
39    <uses-permission android:name="android.permission.VIBRATE" />
39-->src/main/AndroidManifest.xml:34:5-66
39-->src/main/AndroidManifest.xml:34:22-63
40    <uses-permission android:name="android.permission.WRITE_EXTERNAL_STORAGE" />
40-->src/main/AndroidManifest.xml:36:5-81
40-->src/main/AndroidManifest.xml:36:22-78
41    <uses-permission android:name="android.permission.READ_EXTERNAL_STORAGE" />
41-->src/main/AndroidManifest.xml:37:5-80
41-->src/main/AndroidManifest.xml:37:22-77
42    <uses-permission android:name="android.permission.WAKE_LOCK" />
42-->src/main/AndroidManifest.xml:38:5-68
42-->src/main/AndroidManifest.xml:38:22-65
43    <uses-permission android:name="android.permission.USB_PERMISSION" />
43-->src/main/AndroidManifest.xml:39:5-73
43-->src/main/AndroidManifest.xml:39:22-70
44
45    <application
45-->src/main/AndroidManifest.xml:42:5-166:19
46        android:allowBackup="true"
46-->src/main/AndroidManifest.xml:43:9-35
47        android:appComponentFactory="android.support.v4.app.CoreComponentFactory"
47-->[com.android.support:support-compat:28.0.0] AndroidManifest.xml:22:18-91
48        android:debuggable="true"
49        android:icon="@drawable/ic_launcher"
49-->src/main/AndroidManifest.xml:44:9-45
50        android:label="A30D"
50-->src/main/AndroidManifest.xml:45:9-29
51        android:testOnly="true"
52        android:theme="@android:style/Theme.NoTitleBar" >
52-->src/main/AndroidManifest.xml:46:9-56
53        <activity
53-->src/main/AndroidManifest.xml:48:9-69:20
54            android:name="com.minireader.sdevice.rfid.MainActivity"
54-->src/main/AndroidManifest.xml:49:13-41
55            android:clearTaskOnLaunch="true"
55-->src/main/AndroidManifest.xml:50:13-45
56            android:configChanges="keyboardHidden|orientation|screenSize"
56-->src/main/AndroidManifest.xml:51:13-74
57            android:launchMode="singleInstance"
57-->src/main/AndroidManifest.xml:52:13-48
58            android:screenOrientation="sensorPortrait" >
58-->src/main/AndroidManifest.xml:53:13-55
59            <intent-filter>
59-->src/main/AndroidManifest.xml:54:13-58:29
60                <action android:name="android.intent.action.MAIN" />
60-->src/main/AndroidManifest.xml:55:17-69
60-->src/main/AndroidManifest.xml:55:25-66
61
62                <category android:name="android.intent.category.LAUNCHER" />
62-->src/main/AndroidManifest.xml:57:17-77
62-->src/main/AndroidManifest.xml:57:27-74
63            </intent-filter>
64            <intent-filter>
64-->src/main/AndroidManifest.xml:59:13-64:29
65                <action android:name="android.hardware.usb.action.USB_DEVICE_ATTACHED" />
65-->src/main/AndroidManifest.xml:60:17-90
65-->src/main/AndroidManifest.xml:60:25-87
66
67                <category android:name="android.intent.category.DEFAULT" />
67-->src/main/AndroidManifest.xml:62:17-76
67-->src/main/AndroidManifest.xml:62:27-73
68                <category android:name="android.intent.category.BROWSABLE" />
68-->src/main/AndroidManifest.xml:63:17-78
68-->src/main/AndroidManifest.xml:63:27-75
69            </intent-filter>
70
71            <meta-data
71-->src/main/AndroidManifest.xml:66:13-68:57
72                android:name="android.hardware.usb.action.USB_DEVICE_ATTACHED"
72-->src/main/AndroidManifest.xml:67:17-79
73                android:resource="@xml/device_filter" />
73-->src/main/AndroidManifest.xml:68:17-54
74        </activity>
75        <activity
75-->src/main/AndroidManifest.xml:70:9-73:67
76            android:name="com.minireader.sdevice.rfid.RegionActivity"
76-->src/main/AndroidManifest.xml:71:13-43
77            android:configChanges="orientation|keyboardHidden|screenSize"
77-->src/main/AndroidManifest.xml:72:13-74
78            android:screenOrientation="sensorPortrait" />
78-->src/main/AndroidManifest.xml:73:13-55
79        <activity
79-->src/main/AndroidManifest.xml:74:9-77:67
80            android:name="com.minireader.sdevice.rfid.ChannelActivity"
80-->src/main/AndroidManifest.xml:75:13-44
81            android:configChanges="orientation|keyboardHidden|screenSize"
81-->src/main/AndroidManifest.xml:76:13-74
82            android:screenOrientation="sensorPortrait" />
82-->src/main/AndroidManifest.xml:77:13-55
83        <activity
83-->src/main/AndroidManifest.xml:78:9-81:67
84            android:name="com.minireader.sdevice.rfid.AntiModeActivity"
84-->src/main/AndroidManifest.xml:79:13-45
85            android:configChanges="orientation|keyboardHidden|screenSize"
85-->src/main/AndroidManifest.xml:80:13-74
86            android:screenOrientation="sensorPortrait" />
86-->src/main/AndroidManifest.xml:81:13-55
87        <activity
87-->src/main/AndroidManifest.xml:82:9-85:67
88            android:name="com.minireader.sdevice.rfid.HoppingView"
88-->src/main/AndroidManifest.xml:83:13-40
89            android:configChanges="orientation|keyboardHidden|screenSize"
89-->src/main/AndroidManifest.xml:84:13-74
90            android:screenOrientation="sensorPortrait" />
90-->src/main/AndroidManifest.xml:85:13-55
91        <activity
91-->src/main/AndroidManifest.xml:86:9-90:67
92            android:name="com.minireader.sdevice.rfid.TagAccessActivity"
92-->src/main/AndroidManifest.xml:87:13-46
93            android:configChanges="orientation|keyboardHidden|screenSize"
93-->src/main/AndroidManifest.xml:88:13-74
94            android:label="@string/title_activity_tag_access"
94-->src/main/AndroidManifest.xml:89:13-62
95            android:screenOrientation="sensorPortrait" />
95-->src/main/AndroidManifest.xml:90:13-55
96        <activity
96-->src/main/AndroidManifest.xml:91:9-95:67
97            android:name="com.minireader.sdevice.rfid.OptionActivity"
97-->src/main/AndroidManifest.xml:92:13-43
98            android:configChanges="orientation|keyboardHidden|screenSize"
98-->src/main/AndroidManifest.xml:93:13-74
99            android:label="@string/title_activity_option"
99-->src/main/AndroidManifest.xml:94:13-58
100            android:screenOrientation="sensorPortrait" />
100-->src/main/AndroidManifest.xml:95:13-55
101        <activity
101-->src/main/AndroidManifest.xml:96:9-100:67
102            android:name="com.minireader.sdevice.rfid.PopSettingActivity"
102-->src/main/AndroidManifest.xml:97:13-47
103            android:configChanges="orientation|keyboardHidden|screenSize"
103-->src/main/AndroidManifest.xml:98:13-74
104            android:label="@string/title_activity_pop_setting"
104-->src/main/AndroidManifest.xml:99:13-63
105            android:screenOrientation="sensorPortrait" />
105-->src/main/AndroidManifest.xml:100:13-55
106        <activity
106-->src/main/AndroidManifest.xml:102:9-107:66
107            android:name="com.minireader.sdevice.rfid.ReadWriteActivity"
107-->src/main/AndroidManifest.xml:103:13-46
108            android:configChanges="orientation|keyboardHidden|screenSize"
108-->src/main/AndroidManifest.xml:104:13-74
109            android:label="@string/title_activity_read"
109-->src/main/AndroidManifest.xml:105:13-56
110            android:screenOrientation="sensorPortrait"
110-->src/main/AndroidManifest.xml:106:13-55
111            android:windowSoftInputMode="stateHidden" />
111-->src/main/AndroidManifest.xml:107:13-54
112        <activity
112-->src/main/AndroidManifest.xml:108:9-112:67
113            android:name="com.minireader.sdevice.rfid.OnOffTimeActivity"
113-->src/main/AndroidManifest.xml:109:13-46
114            android:configChanges="orientation|keyboardHidden|screenSize"
114-->src/main/AndroidManifest.xml:110:13-74
115            android:label="@string/title_activity_on_off_time"
115-->src/main/AndroidManifest.xml:111:13-63
116            android:screenOrientation="sensorPortrait" />
116-->src/main/AndroidManifest.xml:112:13-55
117        <activity
117-->src/main/AndroidManifest.xml:113:9-117:67
118            android:name="com.minireader.sdevice.rfid.OutPutPowerActivity"
118-->src/main/AndroidManifest.xml:114:13-48
119            android:configChanges="orientation|keyboardHidden|screenSize"
119-->src/main/AndroidManifest.xml:115:13-74
120            android:label="@string/title_activity_out_put_power"
120-->src/main/AndroidManifest.xml:116:13-65
121            android:screenOrientation="sensorPortrait" />
121-->src/main/AndroidManifest.xml:117:13-55
122        <activity
122-->src/main/AndroidManifest.xml:118:9-122:67
123            android:name="com.minireader.sdevice.rfid.StopCondisionsActivity"
123-->src/main/AndroidManifest.xml:119:13-51
124            android:configChanges="orientation|keyboardHidden|screenSize"
124-->src/main/AndroidManifest.xml:120:13-74
125            android:label="@string/title_activity_stop_condisions"
125-->src/main/AndroidManifest.xml:121:13-67
126            android:screenOrientation="sensorPortrait" />
126-->src/main/AndroidManifest.xml:122:13-55
127        <activity
127-->src/main/AndroidManifest.xml:123:9-127:67
128            android:name="com.minireader.sdevice.rfid.LockActivity"
128-->src/main/AndroidManifest.xml:124:13-41
129            android:configChanges="orientation|keyboardHidden|screenSize"
129-->src/main/AndroidManifest.xml:125:13-74
130            android:label="@string/title_activity_lock"
130-->src/main/AndroidManifest.xml:126:13-56
131            android:screenOrientation="sensorPortrait" />
131-->src/main/AndroidManifest.xml:127:13-55
132        <activity
132-->src/main/AndroidManifest.xml:128:9-132:67
133            android:name="com.minireader.sdevice.rfid.KillActivity"
133-->src/main/AndroidManifest.xml:129:13-41
134            android:configChanges="orientation|keyboardHidden|screenSize"
134-->src/main/AndroidManifest.xml:130:13-74
135            android:label="@string/title_activity_kill"
135-->src/main/AndroidManifest.xml:131:13-56
136            android:screenOrientation="sensorPortrait" />
136-->src/main/AndroidManifest.xml:132:13-55
137        <activity
137-->src/main/AndroidManifest.xml:133:9-136:67
138            android:name="com.minireader.sdevice.rfid.EncodingTypeActivity"
138-->src/main/AndroidManifest.xml:134:13-49
139            android:configChanges="orientation|keyboardHidden|screenSize"
139-->src/main/AndroidManifest.xml:135:13-74
140            android:screenOrientation="sensorPortrait" />
140-->src/main/AndroidManifest.xml:136:13-55
141        <activity
141-->src/main/AndroidManifest.xml:137:9-140:67
142            android:name="com.minireader.sdevice.rfid.SessionActivity"
142-->src/main/AndroidManifest.xml:138:13-44
143            android:configChanges="orientation|keyboardHidden|screenSize"
143-->src/main/AndroidManifest.xml:139:13-74
144            android:screenOrientation="sensorPortrait" />
144-->src/main/AndroidManifest.xml:140:13-55
145        <activity
145-->src/main/AndroidManifest.xml:142:9-145:67
146            android:name="com.minireader.sdevice.rfid.InfoActivity"
146-->src/main/AndroidManifest.xml:143:13-41
147            android:configChanges="orientation|keyboardHidden|screenSize"
147-->src/main/AndroidManifest.xml:144:13-74
148            android:screenOrientation="sensorPortrait" />
148-->src/main/AndroidManifest.xml:145:13-55
149        <activity
149-->src/main/AndroidManifest.xml:147:9-150:67
150            android:name="com.minireader.sdevice.rfid.SettingOnOffActivity"
150-->src/main/AndroidManifest.xml:148:13-49
151            android:configChanges="orientation|keyboardHidden|screenSize"
151-->src/main/AndroidManifest.xml:149:13-74
152            android:screenOrientation="sensorPortrait" />
152-->src/main/AndroidManifest.xml:150:13-55
153        <activity
153-->src/main/AndroidManifest.xml:152:9-155:67
154            android:name="com.minireader.sdevice.rfid.SearchActivity"
154-->src/main/AndroidManifest.xml:153:13-43
155            android:configChanges="orientation|keyboardHidden|screenSize"
155-->src/main/AndroidManifest.xml:154:13-74
156            android:screenOrientation="sensorPortrait" />
156-->src/main/AndroidManifest.xml:155:13-55
157        <activity
157-->src/main/AndroidManifest.xml:157:9-160:67
158            android:name="com.minireader.sdevice.rfid.CalibrationActivity"
158-->src/main/AndroidManifest.xml:158:13-48
159            android:configChanges="orientation|keyboardHidden|screenSize"
159-->src/main/AndroidManifest.xml:159:13-74
160            android:screenOrientation="sensorPortrait" />
160-->src/main/AndroidManifest.xml:160:13-55
161
162        <service
162-->src/main/AndroidManifest.xml:162:9-165:47
163            android:name="com.minireader.sdevice.rfid.CloseService"
163-->src/main/AndroidManifest.xml:163:13-41
164            android:enabled="true"
164-->src/main/AndroidManifest.xml:164:13-35
165            android:exported="true" />
165-->src/main/AndroidManifest.xml:165:13-36
166    </application>
167
168</manifest>